G:\VS2010_Project\GetReady\Debug\single_object.pdb
G:\VS2010_Project\GetReady\single_object\Debug\cl.command.1.tlog
G:\VS2010_Project\GetReady\single_object\Debug\CL.read.1.tlog
G:\VS2010_Project\GetReady\single_object\Debug\CL.write.1.tlog
G:\VS2010_Project\GetReady\single_object\Debug\link.8148.read.1.tlog
G:\VS2010_Project\GetReady\single_object\Debug\link.8148.write.1.tlog
G:\VS2010_Project\GetReady\single_object\Debug\link.8148-cvtres.read.1.tlog
G:\VS2010_Project\GetReady\single_object\Debug\link.8148-cvtres.write.1.tlog
G:\VS2010_Project\GetReady\single_object\Debug\link.command.1.tlog
G:\VS2010_Project\GetReady\single_object\Debug\link.read.1.tlog
G:\VS2010_Project\GetReady\single_object\Debug\link.write.1.tlog
G:\VS2010_Project\GetReady\single_object\Debug\link-cvtres.read.1.tlog
G:\VS2010_Project\GetReady\single_object\Debug\link-cvtres.write.1.tlog
G:\VS2010_Project\GetReady\single_object\Debug\mt.command.1.tlog
G:\VS2010_Project\GetReady\single_object\Debug\mt.read.1.tlog
G:\VS2010_Project\GetReady\single_object\Debug\mt.write.1.tlog
G:\VS2010_Project\GetReady\single_object\Debug\rc.command.1.tlog
G:\VS2010_Project\GetReady\single_object\Debug\rc.read.1.tlog
G:\VS2010_Project\GetReady\single_object\Debug\rc.write.1.tlog
G:\VS2010_PROJECT\GETREADY\SINGLE_OBJECT\DEBUG\SINGLE_OBJECT.EXE.EMBED.MANIFEST
G:\VS2010_PROJECT\GETREADY\SINGLE_OBJECT\DEBUG\SINGLE_OBJECT.EXE.EMBED.MANIFEST.RES
G:\VS2010_Project\GetReady\single_object\Debug\single_object.exe.intermediate.manifest
G:\VS2010_PROJECT\GETREADY\SINGLE_OBJECT\DEBUG\SINGLE_OBJECT.OBJ
G:\VS2010_PROJECT\GETREADY\SINGLE_OBJECT\DEBUG\SINGLE_OBJECT.PCH
G:\VS2010_Project\GetReady\single_object\Debug\single_object_manifest.rc
G:\VS2010_PROJECT\GETREADY\SINGLE_OBJECT\DEBUG\STDAFX.OBJ
G:\VS2010_Project\GetReady\single_object\Debug\vc100.idb
G:\VS2010_PROJECT\GETREADY\SINGLE_OBJECT\DEBUG\VC100.PDB
