Build started 2012/9/2 11:43:07.
     1>Project "G:\VS2010_Project\Get_Ready_0\Get_Ready_0\Get_Ready_0.vcxproj" on node 2 (build target(s)).
     1>PrepareForBuild:
         Creating directory "G:\VS2010_Project\Get_Ready_0\Debug\".
       InitializeBuildStatus:
         Creating "Debug\Get_Ready_0.unsuccessfulbuild" because "AlwaysCreate" was specified.
       ClCompile:
         C:\Program Files (x86)\Microsoft Visual Studio 10.0\VC\bin\CL.exe /c /ZI /nologo /W3 /WX- /Od /Oy- /D WIN32 /D _DEBUG /D _CONSOLE /D _UNICODE /D UNICODE /Gm /EHsc /RTC1 /MDd /GS /fp:precise /Zc:wchar_t /Zc:forScope /Yc"StdAfx.h" /Fp"Debug\Get_Ready_0.pch" /Fo"Debug\\" /Fd"Debug\vc100.pdb" /Gd /TP /analyze- /errorReport:prompt stdafx.cpp
         stdafx.cpp
         C:\Program Files (x86)\Microsoft Visual Studio 10.0\VC\bin\CL.exe /c /ZI /nologo /W3 /WX- /Od /Oy- /D WIN32 /D _DEBUG /D _CONSOLE /D _UNICODE /D UNICODE /Gm /EHsc /RTC1 /MDd /GS /fp:precise /Zc:wchar_t /Zc:forScope /Yu"StdAfx.h" /Fp"Debug\Get_Ready_0.pch" /Fo"Debug\\" /Fd"Debug\vc100.pdb" /Gd /TP /analyze- /errorReport:prompt Get_Ready_0.cpp
         Get_Ready_0.cpp
     1>g:\vs2010_project\get_ready_0\get_ready_0\get_ready_0.cpp(9): warning C4101: 'a' : unreferenced local variable
       ManifestResourceCompile:
         C:\Program Files (x86)\Microsoft SDKs\Windows\v7.0A\bin\rc.exe /nologo /fo"Debug\Get_Ready_0.exe.embed.manifest.res" Debug\Get_Ready_0_manifest.rc 
       Link:
         C:\Program Files (x86)\Microsoft Visual Studio 10.0\VC\bin\link.exe /ERRORREPORT:PROMPT /OUT:"G:\VS2010_Project\Get_Ready_0\Debug\Get_Ready_0.exe" /INCREMENTAL /NOLOGO kernel32.lib user32.lib gdi32.lib winspool.lib comdlg32.lib advapi32.lib shell32.lib ole32.lib oleaut32.lib uuid.lib odbc32.lib odbccp32.lib /MANIFEST /ManifestFile:"Debug\Get_Ready_0.exe.intermediate.manifest" /MANIFESTUAC:"level='asInvoker' uiAccess='false'" /DEBUG /PDB:"G:\VS2010_Project\Get_Ready_0\Debug\Get_Ready_0.pdb" /SUBSYSTEM:CONSOLE /TLBID:1 /DYNAMICBASE /NXCOMPAT /IMPLIB:"G:\VS2010_Project\Get_Ready_0\Debug\Get_Ready_0.lib" /MACHINE:X86 Debug\Get_Ready_0.exe.embed.manifest.res
         Debug\Get_Ready_0.obj
         Debug\stdafx.obj
       Manifest:
         C:\Program Files (x86)\Microsoft SDKs\Windows\v7.0A\bin\mt.exe /nologo /verbose /out:"Debug\Get_Ready_0.exe.embed.manifest" /manifest Debug\Get_Ready_0.exe.intermediate.manifest
         C:\Program Files (x86)\Microsoft SDKs\Windows\v7.0A\bin\rc.exe /nologo /fo"Debug\Get_Ready_0.exe.embed.manifest.res" Debug\Get_Ready_0_manifest.rc 
       LinkEmbedManifest:
         C:\Program Files (x86)\Microsoft Visual Studio 10.0\VC\bin\link.exe /ERRORREPORT:PROMPT /OUT:"G:\VS2010_Project\Get_Ready_0\Debug\Get_Ready_0.exe" /INCREMENTAL /NOLOGO kernel32.lib user32.lib gdi32.lib winspool.lib comdlg32.lib advapi32.lib shell32.lib ole32.lib oleaut32.lib uuid.lib odbc32.lib odbccp32.lib /MANIFEST /ManifestFile:"Debug\Get_Ready_0.exe.intermediate.manifest" /MANIFESTUAC:"level='asInvoker' uiAccess='false'" /DEBUG /PDB:"G:\VS2010_Project\Get_Ready_0\Debug\Get_Ready_0.pdb" /SUBSYSTEM:CONSOLE /TLBID:1 /DYNAMICBASE /NXCOMPAT /IMPLIB:"G:\VS2010_Project\Get_Ready_0\Debug\Get_Ready_0.lib" /MACHINE:X86 Debug\Get_Ready_0.exe.embed.manifest.res
         Debug\Get_Ready_0.obj
         Debug\stdafx.obj
         Get_Ready_0.vcxproj -> G:\VS2010_Project\Get_Ready_0\Debug\Get_Ready_0.exe
       FinalizeBuildStatus:
         Deleting file "Debug\Get_Ready_0.unsuccessfulbuild".
         Touching "Debug\Get_Ready_0.lastbuildstate".
     1>Done Building Project "G:\VS2010_Project\Get_Ready_0\Get_Ready_0\Get_Ready_0.vcxproj" (build target(s)).

Build succeeded.

Time Elapsed 00:00:04.02
