G:\VS2010_Project\GetReady\Debug\GetReady_0.pdb
G:\VS2010_Project\GetReady\GetReady_0\Debug\cl.command.1.tlog
G:\VS2010_Project\GetReady\GetReady_0\Debug\CL.read.1.tlog
G:\VS2010_Project\GetReady\GetReady_0\Debug\CL.write.1.tlog
G:\VS2010_PROJECT\GETREADY\GETREADY_0\DEBUG\GETREADY_0.EXE.EMBED.MANIFEST
G:\VS2010_PROJECT\GETREADY\GETREADY_0\DEBUG\GETREADY_0.EXE.EMBED.MANIFEST.RES
G:\VS2010_Project\GetReady\GetReady_0\Debug\GetReady_0.exe.intermediate.manifest
G:\VS2010_PROJECT\GETREADY\GETREADY_0\DEBUG\GETREADY_0.OBJ
G:\VS2010_PROJECT\GETREADY\GETREADY_0\DEBUG\GETREADY_0.PCH
G:\VS2010_Project\GetReady\GetReady_0\Debug\GetReady_0_manifest.rc
G:\VS2010_Project\GetReady\GetReady_0\Debug\link.5984.read.1.tlog
G:\VS2010_Project\GetReady\GetReady_0\Debug\link.5984.write.1.tlog
G:\VS2010_Project\GetReady\GetReady_0\Debug\link.5984-cvtres.read.1.tlog
G:\VS2010_Project\GetReady\GetReady_0\Debug\link.5984-cvtres.write.1.tlog
G:\VS2010_Project\GetReady\GetReady_0\Debug\link.6104.read.1.tlog
G:\VS2010_Project\GetReady\GetReady_0\Debug\link.6104.write.1.tlog
G:\VS2010_Project\GetReady\GetReady_0\Debug\link.6104-cvtres.read.1.tlog
G:\VS2010_Project\GetReady\GetReady_0\Debug\link.6104-cvtres.write.1.tlog
G:\VS2010_Project\GetReady\GetReady_0\Debug\link.command.1.tlog
G:\VS2010_Project\GetReady\GetReady_0\Debug\link.read.1.tlog
G:\VS2010_Project\GetReady\GetReady_0\Debug\link.write.1.tlog
G:\VS2010_Project\GetReady\GetReady_0\Debug\link-cvtres.read.1.tlog
G:\VS2010_Project\GetReady\GetReady_0\Debug\link-cvtres.write.1.tlog
G:\VS2010_Project\GetReady\GetReady_0\Debug\mt.command.1.tlog
G:\VS2010_Project\GetReady\GetReady_0\Debug\mt.read.1.tlog
G:\VS2010_Project\GetReady\GetReady_0\Debug\mt.write.1.tlog
G:\VS2010_Project\GetReady\GetReady_0\Debug\rc.command.1.tlog
G:\VS2010_Project\GetReady\GetReady_0\Debug\rc.read.1.tlog
G:\VS2010_Project\GetReady\GetReady_0\Debug\rc.write.1.tlog
G:\VS2010_PROJECT\GETREADY\GETREADY_0\DEBUG\STDAFX.OBJ
G:\VS2010_Project\GetReady\GetReady_0\Debug\vc100.idb
G:\VS2010_PROJECT\GETREADY\GETREADY_0\DEBUG\VC100.PDB
