Build started 2012/12/8 2:16:14.
     1>Project "G:\VS2010_Project\GetReady\baidu_help\baidu_help.vcxproj" on node 2 (build target(s)).
     1>InitializeBuildStatus:
         Creating "Debug\baidu_help.unsuccessfulbuild" because "AlwaysCreate" was specified.
       ClCompile:
         All outputs are up-to-date.
         C:\Program Files (x86)\Microsoft Visual Studio 10.0\VC\bin\CL.exe /c /ZI /nologo /W3 /WX- /Od /Oy- /D WIN32 /D _DEBUG /D _CONSOLE /D _UNICODE /D UNICODE /Gm /EHsc /RTC1 /MDd /GS /fp:precise /Zc:wchar_t /Zc:forScope /Yu"StdAfx.h" /Fp"Debug\baidu_help.pch" /Fo"Debug\\" /Fd"Debug\vc100.pdb" /Gd /TP /analyze- /errorReport:prompt baidu_help.cpp
         baidu_help.cpp
       ManifestResourceCompile:
         All outputs are up-to-date.
       Link:
         C:\Program Files (x86)\Microsoft Visual Studio 10.0\VC\bin\link.exe /ERRORREPORT:PROMPT /OUT:"G:\VS2010_Project\GetReady\Debug\baidu_help.exe" /INCREMENTAL /NOLOGO kernel32.lib user32.lib gdi32.lib winspool.lib comdlg32.lib advapi32.lib shell32.lib ole32.lib oleaut32.lib uuid.lib odbc32.lib odbccp32.lib /MANIFEST /ManifestFile:"Debug\baidu_help.exe.intermediate.manifest" /MANIFESTUAC:"level='asInvoker' uiAccess='false'" /DEBUG /PDB:"G:\VS2010_Project\GetReady\Debug\baidu_help.pdb" /SUBSYSTEM:CONSOLE /TLBID:1 /DYNAMICBASE /NXCOMPAT /IMPLIB:"G:\VS2010_Project\GetReady\Debug\baidu_help.lib" /MACHINE:X86 Debug\baidu_help.exe.embed.manifest.res
         Debug\baidu_help.obj
         Debug\stdafx.obj
       Manifest:
         C:\Program Files (x86)\Microsoft SDKs\Windows\v7.0A\bin\mt.exe /nologo /verbose /out:"Debug\baidu_help.exe.embed.manifest" /manifest Debug\baidu_help.exe.intermediate.manifest
         All outputs are up-to-date.
       LinkEmbedManifest:
         All outputs are up-to-date.
         baidu_help.vcxproj -> G:\VS2010_Project\GetReady\Debug\baidu_help.exe
       FinalizeBuildStatus:
         Deleting file "Debug\baidu_help.unsuccessfulbuild".
         Touching "Debug\baidu_help.lastbuildstate".
     1>Done Building Project "G:\VS2010_Project\GetReady\baidu_help\baidu_help.vcxproj" (build target(s)).

Build succeeded.

Time Elapsed 00:00:00.72
