G:\VS2010_PROJECT\GETREADY\BAIDU_HELP\DEBUG\BAIDU_HELP.EXE.EMBED.MANIFEST
G:\VS2010_PROJECT\GETREADY\BAIDU_HELP\DEBUG\BAIDU_HELP.EXE.EMBED.MANIFEST.RES
G:\VS2010_PROJECT\GETREADY\BAIDU_HELP\DEBUG\BAIDU_HELP.EXE.INTERMEDIATE.MANIFEST
G:\VS2010_PROJECT\GETREADY\BAIDU_HELP\DEBUG\BAIDU_HELP.OBJ
G:\VS2010_PROJECT\GETREADY\BAIDU_HELP\DEBUG\BAIDU_HELP.PCH
G:\VS2010_Project\GetReady\baidu_help\Debug\baidu_help_manifest.rc
G:\VS2010_Project\GetReady\baidu_help\Debug\cl.command.1.tlog
G:\VS2010_Project\GetReady\baidu_help\Debug\CL.read.1.tlog
G:\VS2010_Project\GetReady\baidu_help\Debug\CL.write.1.tlog
G:\VS2010_Project\GetReady\baidu_help\Debug\link.1708.read.1.tlog
G:\VS2010_Project\GetReady\baidu_help\Debug\link.1708.write.1.tlog
G:\VS2010_Project\GetReady\baidu_help\Debug\link.1708-cvtres.read.1.tlog
G:\VS2010_Project\GetReady\baidu_help\Debug\link.1708-cvtres.write.1.tlog
G:\VS2010_Project\GetReady\baidu_help\Debug\link.command.1.tlog
G:\VS2010_Project\GetReady\baidu_help\Debug\link.read.1.tlog
G:\VS2010_Project\GetReady\baidu_help\Debug\link.write.1.tlog
G:\VS2010_Project\GetReady\baidu_help\Debug\link-cvtres.read.1.tlog
G:\VS2010_Project\GetReady\baidu_help\Debug\link-cvtres.write.1.tlog
G:\VS2010_Project\GetReady\baidu_help\Debug\mt.command.1.tlog
G:\VS2010_Project\GetReady\baidu_help\Debug\mt.read.1.tlog
G:\VS2010_Project\GetReady\baidu_help\Debug\mt.write.1.tlog
G:\VS2010_Project\GetReady\baidu_help\Debug\rc.command.1.tlog
G:\VS2010_Project\GetReady\baidu_help\Debug\rc.read.1.tlog
G:\VS2010_Project\GetReady\baidu_help\Debug\rc.write.1.tlog
G:\VS2010_PROJECT\GETREADY\BAIDU_HELP\DEBUG\STDAFX.OBJ
G:\VS2010_Project\GetReady\baidu_help\Debug\vc100.idb
G:\VS2010_PROJECT\GETREADY\BAIDU_HELP\DEBUG\VC100.PDB
G:\VS2010_PROJECT\GETREADY\DEBUG\BAIDU_HELP.EXE
G:\VS2010_PROJECT\GETREADY\DEBUG\BAIDU_HELP.ILK
G:\VS2010_PROJECT\GETREADY\DEBUG\BAIDU_HELP.PDB
