Build started 2012/11/15 23:56:39.
     1>Project "G:\VS2010_Project\GetReady\GetReady\GetReady.vcxproj" on node 2 (rebuild target(s)).
     1>_PrepareForClean:
         Deleting file "Debug\GetReady.lastbuildstate".
       InitializeBuildStatus:
         Creating "Debug\GetReady.unsuccessfulbuild" because "AlwaysCreate" was specified.
       ClCompile:
         C:\Program Files (x86)\Microsoft Visual Studio 10.0\VC\bin\CL.exe /c /ZI /nologo /W3 /WX- /Od /Oy- /D WIN32 /D _DEBUG /D _CONSOLE /D _UNICODE /D UNICODE /Gm /EHsc /RTC1 /MDd /GS /fp:precise /Zc:wchar_t /Zc:forScope /Yc"StdAfx.h" /Fp"Debug\GetReady.pch" /Fo"Debug\\" /Fd"Debug\vc100.pdb" /Gd /TP /analyze- /errorReport:prompt stdafx.cpp
         stdafx.cpp
         C:\Program Files (x86)\Microsoft Visual Studio 10.0\VC\bin\CL.exe /c /ZI /nologo /W3 /WX- /Od /Oy- /D WIN32 /D _DEBUG /D _CONSOLE /D _UNICODE /D UNICODE /Gm /EHsc /RTC1 /MDd /GS /fp:precise /Zc:wchar_t /Zc:forScope /Yu"StdAfx.h" /Fp"Debug\GetReady.pch" /Fo"Debug\\" /Fd"Debug\vc100.pdb" /Gd /TP /analyze- /errorReport:prompt GetReady.cpp
         GetReady.cpp
       ManifestResourceCompile:
         C:\Program Files (x86)\Microsoft SDKs\Windows\v7.0A\bin\rc.exe /nologo /fo"Debug\GetReady.exe.embed.manifest.res" Debug\GetReady_manifest.rc 
       Link:
         C:\Program Files (x86)\Microsoft Visual Studio 10.0\VC\bin\link.exe /ERRORREPORT:PROMPT /OUT:"G:\VS2010_Project\GetReady\Debug\GetReady.exe" /INCREMENTAL /NOLOGO kernel32.lib user32.lib gdi32.lib winspool.lib comdlg32.lib advapi32.lib shell32.lib ole32.lib oleaut32.lib uuid.lib odbc32.lib odbccp32.lib /MANIFEST /ManifestFile:"Debug\GetReady.exe.intermediate.manifest" /MANIFESTUAC:"level='asInvoker' uiAccess='false'" /DEBUG /PDB:"G:\VS2010_Project\GetReady\Debug\GetReady.pdb" /SUBSYSTEM:CONSOLE /TLBID:1 /DYNAMICBASE /NXCOMPAT /IMPLIB:"G:\VS2010_Project\GetReady\Debug\GetReady.lib" /MACHINE:X86 Debug\GetReady.exe.embed.manifest.res
         Debug\GetReady.obj
         Debug\stdafx.obj
       Manifest:
         Deleting file "Debug\GetReady.exe.embed.manifest".
         C:\Program Files (x86)\Microsoft SDKs\Windows\v7.0A\bin\mt.exe /nologo /verbose /out:"Debug\GetReady.exe.embed.manifest" /manifest Debug\GetReady.exe.intermediate.manifest
         C:\Program Files (x86)\Microsoft SDKs\Windows\v7.0A\bin\rc.exe /nologo /fo"Debug\GetReady.exe.embed.manifest.res" Debug\GetReady_manifest.rc 
       LinkEmbedManifest:
         C:\Program Files (x86)\Microsoft Visual Studio 10.0\VC\bin\link.exe /ERRORREPORT:PROMPT /OUT:"G:\VS2010_Project\GetReady\Debug\GetReady.exe" /INCREMENTAL /NOLOGO kernel32.lib user32.lib gdi32.lib winspool.lib comdlg32.lib advapi32.lib shell32.lib ole32.lib oleaut32.lib uuid.lib odbc32.lib odbccp32.lib /MANIFEST /ManifestFile:"Debug\GetReady.exe.intermediate.manifest" /MANIFESTUAC:"level='asInvoker' uiAccess='false'" /DEBUG /PDB:"G:\VS2010_Project\GetReady\Debug\GetReady.pdb" /SUBSYSTEM:CONSOLE /TLBID:1 /DYNAMICBASE /NXCOMPAT /IMPLIB:"G:\VS2010_Project\GetReady\Debug\GetReady.lib" /MACHINE:X86 Debug\GetReady.exe.embed.manifest.res
         Debug\GetReady.obj
         Debug\stdafx.obj
         GetReady.vcxproj -> G:\VS2010_Project\GetReady\Debug\GetReady.exe
       FinalizeBuildStatus:
         Deleting file "Debug\GetReady.unsuccessfulbuild".
         Touching "Debug\GetReady.lastbuildstate".
     1>Done Building Project "G:\VS2010_Project\GetReady\GetReady\GetReady.vcxproj" (rebuild target(s)).

Build succeeded.

Time Elapsed 00:00:03.05
