G:\VS2010_PROJECT\GETREADY\DEBUG\GETREADY.EXE
G:\VS2010_PROJECT\GETREADY\DEBUG\GETREADY.ILK
G:\VS2010_PROJECT\GETREADY\DEBUG\GETREADY.PDB
G:\VS2010_Project\GetReady\GetReady\Debug\cl.command.1.tlog
G:\VS2010_Project\GetReady\GetReady\Debug\CL.read.1.tlog
G:\VS2010_Project\GetReady\GetReady\Debug\CL.write.1.tlog
G:\VS2010_PROJECT\GETREADY\GETREADY\DEBUG\GETREADY.EXE.EMBED.MANIFEST
G:\VS2010_PROJECT\GETREADY\GETREADY\DEBUG\GETREADY.EXE.EMBED.MANIFEST.RES
G:\VS2010_PROJECT\GETREADY\GETREADY\DEBUG\GETREADY.EXE.INTERMEDIATE.MANIFEST
G:\VS2010_PROJECT\GETREADY\GETREADY\DEBUG\GETREADY.OBJ
G:\VS2010_PROJECT\GETREADY\GETREADY\DEBUG\GETREADY.PCH
G:\VS2010_Project\GetReady\GetReady\Debug\GetReady_manifest.rc
G:\VS2010_Project\GetReady\GetReady\Debug\link.7844.read.1.tlog
G:\VS2010_Project\GetReady\GetReady\Debug\link.7844.write.1.tlog
G:\VS2010_Project\GetReady\GetReady\Debug\link.7844-cvtres.read.1.tlog
G:\VS2010_Project\GetReady\GetReady\Debug\link.7844-cvtres.write.1.tlog
G:\VS2010_Project\GetReady\GetReady\Debug\link.command.1.tlog
G:\VS2010_Project\GetReady\GetReady\Debug\link.read.1.tlog
G:\VS2010_Project\GetReady\GetReady\Debug\link.write.1.tlog
G:\VS2010_Project\GetReady\GetReady\Debug\link-cvtres.read.1.tlog
G:\VS2010_Project\GetReady\GetReady\Debug\link-cvtres.write.1.tlog
G:\VS2010_Project\GetReady\GetReady\Debug\mt.command.1.tlog
G:\VS2010_Project\GetReady\GetReady\Debug\mt.read.1.tlog
G:\VS2010_Project\GetReady\GetReady\Debug\mt.write.1.tlog
G:\VS2010_Project\GetReady\GetReady\Debug\rc.command.1.tlog
G:\VS2010_Project\GetReady\GetReady\Debug\rc.read.1.tlog
G:\VS2010_Project\GetReady\GetReady\Debug\rc.write.1.tlog
G:\VS2010_PROJECT\GETREADY\GETREADY\DEBUG\STDAFX.OBJ
G:\VS2010_Project\GetReady\GetReady\Debug\vc100.idb
G:\VS2010_PROJECT\GETREADY\GETREADY\DEBUG\VC100.PDB
